<?xml version="1.0" encoding="UTF-8"?>
<!-- Generated by org.testng.reporters.JUnitXMLReporter -->
<testsuite ignored="0" hostname="bhagyak" failures="0" tests="12" name="Pet UserAPI Suite" time="16.467" errors="0" timestamp="2024-12-26T10:44:29 IST">
  <testcase classname="api.testcases.DataDrivenTests_UserEndpoints_GettingUrlsFromRoutesPropertiesFile" name="createUsersUsingDP" time="2.727"/>
  <testcase classname="api.testcases.DataDrivenTests_UserEndpoints_GettingUrlsFromRoutesPropertiesFile" name="createUsersUsingDP" time="1.126"/>
  <testcase classname="api.testcases.DataDrivenTests_UserEndpoints_GettingUrlsFromRoutesPropertiesFile" name="createUsersUsingDP" time="1.09"/>
  <testcase classname="api.testcases.DataDrivenTests_UserEndpoints_GettingUrlsFromRoutesPropertiesFile" name="getUserByUsernameUsingDP" time="1.15"/>
  <testcase classname="api.testcases.DataDrivenTests_UserEndpoints_GettingUrlsFromRoutesPropertiesFile" name="getUserByUsernameUsingDP" time="1.106"/>
  <testcase classname="api.testcases.DataDrivenTests_UserEndpoints_GettingUrlsFromRoutesPropertiesFile" name="getUserByUsernameUsingDP" time="1.102"/>
  <testcase classname="api.testcases.DataDrivenTests_UserEndpoints_GettingUrlsFromRoutesPropertiesFile" name="updateUsersUsingDP" time="1.127"/>
  <testcase classname="api.testcases.DataDrivenTests_UserEndpoints_GettingUrlsFromRoutesPropertiesFile" name="updateUsersUsingDP" time="1.14"/>
  <testcase classname="api.testcases.DataDrivenTests_UserEndpoints_GettingUrlsFromRoutesPropertiesFile" name="updateUsersUsingDP" time="1.11"/>
  <testcase classname="api.testcases.DataDrivenTests_UserEndpoints_GettingUrlsFromRoutesPropertiesFile" name="deleteUserByUsernameUsingDP" time="1.095"/>
  <testcase classname="api.testcases.DataDrivenTests_UserEndpoints_GettingUrlsFromRoutesPropertiesFile" name="deleteUserByUsernameUsingDP" time="1.102"/>
  <testcase classname="api.testcases.DataDrivenTests_UserEndpoints_GettingUrlsFromRoutesPropertiesFile" name="deleteUserByUsernameUsingDP" time="1.12"/>
</testsuite> <!-- Pet UserAPI Suite -->
