<?xml version="1.0" encoding="UTF-8"?>
<!-- Generated by org.testng.reporters.JUnitXMLReporter -->
<testsuite ignored="0" hostname="bhagyak" failures="0" tests="4" name="Default test" time="8.894" errors="0" timestamp="2024-12-26T08:04:46 IST">
  <testcase classname="api.testcases.UserTest_UserEndpoints_GettingUrlsFromRoutesPropertiesFile" name="createUserTest" time="3.656"/>
  <testcase classname="api.testcases.UserTest_UserEndpoints_GettingUrlsFromRoutesPropertiesFile" name="getUserByUsernameTest" time="1.156"/>
  <testcase classname="api.testcases.UserTest_UserEndpoints_GettingUrlsFromRoutesPropertiesFile" name="updateUserByUsernameTest" time="2.433"/>
  <testcase classname="api.testcases.UserTest_UserEndpoints_GettingUrlsFromRoutesPropertiesFile" name="deleteUserByUsernameTest" time="1.338"/>
</testsuite> <!-- Default test -->
