<?xml version="1.0" encoding="UTF-8"?>
<testng-results ignored="0" total="12" passed="12" failed="0" skipped="0">
  <reporter-output>
  </reporter-output>
  <suite started-at="2024-12-26T10:44:12 IST" name="Pet UserAPI Suite" finished-at="2024-12-26T10:44:29 IST" duration-ms="16467">
    <groups>
    </groups>
    <test started-at="2024-12-26T10:44:12 IST" name="Pet UserAPI Suite" finished-at="2024-12-26T10:44:29 IST" duration-ms="16467">
      <class name="api.testcases.DataDrivenTests_UserEndpoints_GettingUrlsFromRoutesPropertiesFile">
        <test-method is-config="true" signature="setUp()[pri:0, instance:api.testcases.DataDrivenTests_UserEndpoints_GettingUrlsFromRoutesPropertiesFile@1d9bec4d]" started-at="2024-12-26T10:44:12 IST" name="setUp" finished-at="2024-12-26T10:44:12 IST" duration-ms="9" status="PASS">
          <reporter-output>
          </reporter-output>
        </test-method> <!-- setUp -->
        <test-method signature="createUsersUsingDP(java.lang.String,java.lang.String,java.lang.String,java.lang.String,java.lang.String,java.lang.String,java.lang.String)[pri:1, instance:api.testcases.DataDrivenTests_UserEndpoints_GettingUrlsFromRoutesPropertiesFile@1d9bec4d]" started-at="2024-12-26T10:44:13 IST" name="createUsersUsingDP" data-provider="UsersData" finished-at="2024-12-26T10:44:16 IST" duration-ms="2727" status="PASS">
          <params>
            <param index="0">
              <value>
                <![CDATA[1010]]>
              </value>
            </param>
            <param index="1">
              <value>
                <![CDATA[testuser1]]>
              </value>
            </param>
            <param index="2">
              <value>
                <![CDATA[abc]]>
              </value>
            </param>
            <param index="3">
              <value>
                <![CDATA[xyz]]>
              </value>
            </param>
            <param index="4">
              <value>
                <![CDATA[a@gmail.com]]>
              </value>
            </param>
            <param index="5">
              <value>
                <![CDATA[test@1]]>
              </value>
            </param>
            <param index="6">
              <value>
                <![CDATA[123456789]]>
              </value>
            </param>
          </params>
          <reporter-output>
          </reporter-output>
        </test-method> <!-- createUsersUsingDP -->
        <test-method signature="createUsersUsingDP(java.lang.String,java.lang.String,java.lang.String,java.lang.String,java.lang.String,java.lang.String,java.lang.String)[pri:1, instance:api.testcases.DataDrivenTests_UserEndpoints_GettingUrlsFromRoutesPropertiesFile@1d9bec4d]" started-at="2024-12-26T10:44:16 IST" name="createUsersUsingDP" data-provider="UsersData" finished-at="2024-12-26T10:44:17 IST" duration-ms="1126" status="PASS">
          <params>
            <param index="0">
              <value>
                <![CDATA[1020]]>
              </value>
            </param>
            <param index="1">
              <value>
                <![CDATA[testuser2]]>
              </value>
            </param>
            <param index="2">
              <value>
                <![CDATA[smith]]>
              </value>
            </param>
            <param index="3">
              <value>
                <![CDATA[gouri]]>
              </value>
            </param>
            <param index="4">
              <value>
                <![CDATA[b@gmail.com]]>
              </value>
            </param>
            <param index="5">
              <value>
                <![CDATA[test@2]]>
              </value>
            </param>
            <param index="6">
              <value>
                <![CDATA[123456781]]>
              </value>
            </param>
          </params>
          <reporter-output>
          </reporter-output>
        </test-method> <!-- createUsersUsingDP -->
        <test-method signature="createUsersUsingDP(java.lang.String,java.lang.String,java.lang.String,java.lang.String,java.lang.String,java.lang.String,java.lang.String)[pri:1, instance:api.testcases.DataDrivenTests_UserEndpoints_GettingUrlsFromRoutesPropertiesFile@1d9bec4d]" started-at="2024-12-26T10:44:17 IST" name="createUsersUsingDP" data-provider="UsersData" finished-at="2024-12-26T10:44:18 IST" duration-ms="1090" status="PASS">
          <params>
            <param index="0">
              <value>
                <![CDATA[1030]]>
              </value>
            </param>
            <param index="1">
              <value>
                <![CDATA[testuser3]]>
              </value>
            </param>
            <param index="2">
              <value>
                <![CDATA[ishwary]]>
              </value>
            </param>
            <param index="3">
              <value>
                <![CDATA[aaa]]>
              </value>
            </param>
            <param index="4">
              <value>
                <![CDATA[c@gmail.com]]>
              </value>
            </param>
            <param index="5">
              <value>
                <![CDATA[test@3]]>
              </value>
            </param>
            <param index="6">
              <value>
                <![CDATA[987654321]]>
              </value>
            </param>
          </params>
          <reporter-output>
          </reporter-output>
        </test-method> <!-- createUsersUsingDP -->
        <test-method signature="getUserByUsernameUsingDP(java.lang.String)[pri:2, instance:api.testcases.DataDrivenTests_UserEndpoints_GettingUrlsFromRoutesPropertiesFile@1d9bec4d]" started-at="2024-12-26T10:44:18 IST" name="getUserByUsernameUsingDP" data-provider="UserNames" finished-at="2024-12-26T10:44:19 IST" duration-ms="1150" status="PASS">
          <params>
            <param index="0">
              <value>
                <![CDATA[testuser1]]>
              </value>
            </param>
          </params>
          <reporter-output>
          </reporter-output>
        </test-method> <!-- getUserByUsernameUsingDP -->
        <test-method signature="getUserByUsernameUsingDP(java.lang.String)[pri:2, instance:api.testcases.DataDrivenTests_UserEndpoints_GettingUrlsFromRoutesPropertiesFile@1d9bec4d]" started-at="2024-12-26T10:44:19 IST" name="getUserByUsernameUsingDP" data-provider="UserNames" finished-at="2024-12-26T10:44:21 IST" duration-ms="1106" status="PASS">
          <params>
            <param index="0">
              <value>
                <![CDATA[testuser2]]>
              </value>
            </param>
          </params>
          <reporter-output>
          </reporter-output>
        </test-method> <!-- getUserByUsernameUsingDP -->
        <test-method signature="getUserByUsernameUsingDP(java.lang.String)[pri:2, instance:api.testcases.DataDrivenTests_UserEndpoints_GettingUrlsFromRoutesPropertiesFile@1d9bec4d]" started-at="2024-12-26T10:44:21 IST" name="getUserByUsernameUsingDP" data-provider="UserNames" finished-at="2024-12-26T10:44:22 IST" duration-ms="1102" status="PASS">
          <params>
            <param index="0">
              <value>
                <![CDATA[testuser3]]>
              </value>
            </param>
          </params>
          <reporter-output>
          </reporter-output>
        </test-method> <!-- getUserByUsernameUsingDP -->
        <test-method signature="updateUsersUsingDP(java.lang.String,java.lang.String,java.lang.String,java.lang.String)[pri:3, instance:api.testcases.DataDrivenTests_UserEndpoints_GettingUrlsFromRoutesPropertiesFile@1d9bec4d]" started-at="2024-12-26T10:44:22 IST" name="updateUsersUsingDP" data-provider="UpdateUsersData" finished-at="2024-12-26T10:44:23 IST" duration-ms="1127" status="PASS">
          <params>
            <param index="0">
              <value>
                <![CDATA[testuser1]]>
              </value>
            </param>
            <param index="1">
              <value>
                <![CDATA[Kaira]]>
              </value>
            </param>
            <param index="2">
              <value>
                <![CDATA[Swamy]]>
              </value>
            </param>
            <param index="3">
              <value>
                <![CDATA[kaira@gmail.com]]>
              </value>
            </param>
          </params>
          <reporter-output>
          </reporter-output>
        </test-method> <!-- updateUsersUsingDP -->
        <test-method signature="updateUsersUsingDP(java.lang.String,java.lang.String,java.lang.String,java.lang.String)[pri:3, instance:api.testcases.DataDrivenTests_UserEndpoints_GettingUrlsFromRoutesPropertiesFile@1d9bec4d]" started-at="2024-12-26T10:44:23 IST" name="updateUsersUsingDP" data-provider="UpdateUsersData" finished-at="2024-12-26T10:44:24 IST" duration-ms="1140" status="PASS">
          <params>
            <param index="0">
              <value>
                <![CDATA[testuser2]]>
              </value>
            </param>
            <param index="1">
              <value>
                <![CDATA[Sydney]]>
              </value>
            </param>
            <param index="2">
              <value>
                <![CDATA[Sheldon]]>
              </value>
            </param>
            <param index="3">
              <value>
                <![CDATA[sydney@gmail.com]]>
              </value>
            </param>
          </params>
          <reporter-output>
          </reporter-output>
        </test-method> <!-- updateUsersUsingDP -->
        <test-method signature="updateUsersUsingDP(java.lang.String,java.lang.String,java.lang.String,java.lang.String)[pri:3, instance:api.testcases.DataDrivenTests_UserEndpoints_GettingUrlsFromRoutesPropertiesFile@1d9bec4d]" started-at="2024-12-26T10:44:24 IST" name="updateUsersUsingDP" data-provider="UpdateUsersData" finished-at="2024-12-26T10:44:25 IST" duration-ms="1110" status="PASS">
          <params>
            <param index="0">
              <value>
                <![CDATA[testuser3]]>
              </value>
            </param>
            <param index="1">
              <value>
                <![CDATA[akash]]>
              </value>
            </param>
            <param index="2">
              <value>
                <![CDATA[gyyyy]]>
              </value>
            </param>
            <param index="3">
              <value>
                <![CDATA[akash@gmail.com]]>
              </value>
            </param>
          </params>
          <reporter-output>
          </reporter-output>
        </test-method> <!-- updateUsersUsingDP -->
        <test-method signature="deleteUserByUsernameUsingDP(java.lang.String)[pri:4, instance:api.testcases.DataDrivenTests_UserEndpoints_GettingUrlsFromRoutesPropertiesFile@1d9bec4d]" started-at="2024-12-26T10:44:25 IST" name="deleteUserByUsernameUsingDP" data-provider="UserNames" finished-at="2024-12-26T10:44:26 IST" duration-ms="1095" status="PASS">
          <params>
            <param index="0">
              <value>
                <![CDATA[testuser1]]>
              </value>
            </param>
          </params>
          <reporter-output>
          </reporter-output>
        </test-method> <!-- deleteUserByUsernameUsingDP -->
        <test-method signature="deleteUserByUsernameUsingDP(java.lang.String)[pri:4, instance:api.testcases.DataDrivenTests_UserEndpoints_GettingUrlsFromRoutesPropertiesFile@1d9bec4d]" started-at="2024-12-26T10:44:26 IST" name="deleteUserByUsernameUsingDP" data-provider="UserNames" finished-at="2024-12-26T10:44:28 IST" duration-ms="1102" status="PASS">
          <params>
            <param index="0">
              <value>
                <![CDATA[testuser2]]>
              </value>
            </param>
          </params>
          <reporter-output>
          </reporter-output>
        </test-method> <!-- deleteUserByUsernameUsingDP -->
        <test-method signature="deleteUserByUsernameUsingDP(java.lang.String)[pri:4, instance:api.testcases.DataDrivenTests_UserEndpoints_GettingUrlsFromRoutesPropertiesFile@1d9bec4d]" started-at="2024-12-26T10:44:28 IST" name="deleteUserByUsernameUsingDP" data-provider="UserNames" finished-at="2024-12-26T10:44:29 IST" duration-ms="1120" status="PASS">
          <params>
            <param index="0">
              <value>
                <![CDATA[testuser3]]>
              </value>
            </param>
          </params>
          <reporter-output>
          </reporter-output>
        </test-method> <!-- deleteUserByUsernameUsingDP -->
      </class> <!-- api.testcases.DataDrivenTests_UserEndpoints_GettingUrlsFromRoutesPropertiesFile -->
    </test> <!-- Pet UserAPI Suite -->
  </suite> <!-- Pet UserAPI Suite -->
</testng-results>
