<?xml version="1.0" encoding="UTF-8"?>
<testsuite xmlns:xsi="http://www.w3.org/2001/XMLSchema-instance" xsi:noNamespaceSchemaLocation="https://maven.apache.org/surefire/maven-surefire-plugin/xsd/surefire-test-report.xsd" version="3.0.2" name="TestSuite" time="17.949" tests="12" errors="0" skipped="0" failures="0">
  <properties>
[...]
</properties>
  <testcase name="createUsersUsingDP[1010, testuser1, abc, xyz, a@gmail.com, test@1, 123456789](1)" classname="api.testcases.DataDrivenTests_UserEndpoints_GettingUrlsFromRoutesPropertiesFile" time="2.731">
    <system-out><![CDATA[3--------7
testuser1 username has been created
{
    "code": 200,
    "type": "unknown",
    "message": "1010"
}
]]></system-out>
    <system-err><![CDATA[SLF4J: Failed to load class "org.slf4j.impl.StaticLoggerBinder".
SLF4J: Defaulting to no-operation (NOP) logger implementation
SLF4J: See http://www.slf4j.org/codes.html#StaticLoggerBinder for further details.
]]></system-err>
  </testcase>
  <testcase name="createUsersUsingDP[1020, testuser2, smith, gouri, b@gmail.com, test@2, 123456781](2)" classname="api.testcases.DataDrivenTests_UserEndpoints_GettingUrlsFromRoutesPropertiesFile" time="1.123">
    <system-out><![CDATA[testuser2 username has been created
{
    "code": 200,
    "type": "unknown",
    "message": "1020"
}
]]></system-out>
  </testcase>
  <testcase name="createUsersUsingDP[1030, testuser3, ishwary, aaa, c@gmail.com, test@3, 987654321](3)" classname="api.testcases.DataDrivenTests_UserEndpoints_GettingUrlsFromRoutesPropertiesFile" time="1.089">
    <system-out><![CDATA[testuser3 username has been created
{
    "code": 200,
    "type": "unknown",
    "message": "1030"
}
]]></system-out>
  </testcase>
  <testcase name="getUserByUsernameUsingDP[testuser1](1)" classname="api.testcases.DataDrivenTests_UserEndpoints_GettingUrlsFromRoutesPropertiesFile" time="1.152">
    <system-out><![CDATA[3
Retrieval of testuser1 details
{
    "id": 1010,
    "username": "testuser1",
    "firstName": "abc",
    "lastName": "xyz",
    "email": "a@gmail.com",
    "password": "test@1",
    "phone": "123456789",
    "userStatus": 0
}
]]></system-out>
  </testcase>
  <testcase name="getUserByUsernameUsingDP[testuser2](2)" classname="api.testcases.DataDrivenTests_UserEndpoints_GettingUrlsFromRoutesPropertiesFile" time="1.105">
    <system-out><![CDATA[Retrieval of testuser2 details
{
    "id": 1020,
    "username": "testuser2",
    "firstName": "smith",
    "lastName": "gouri",
    "email": "b@gmail.com",
    "password": "test@2",
    "phone": "123456781",
    "userStatus": 0
}
]]></system-out>
  </testcase>
  <testcase name="getUserByUsernameUsingDP[testuser3](3)" classname="api.testcases.DataDrivenTests_UserEndpoints_GettingUrlsFromRoutesPropertiesFile" time="1.104">
    <system-out><![CDATA[Retrieval of testuser3 details
{
    "id": 1030,
    "username": "testuser3",
    "firstName": "ishwary",
    "lastName": "aaa",
    "email": "c@gmail.com",
    "password": "test@3",
    "phone": "987654321",
    "userStatus": 0
}
]]></system-out>
  </testcase>
  <testcase name="updateUsersUsingDP[testuser1, Kaira, Swamy, kaira@gmail.com](1)" classname="api.testcases.DataDrivenTests_UserEndpoints_GettingUrlsFromRoutesPropertiesFile" time="1.128">
    <system-out><![CDATA[3--------4
Updated user details for : testuser1
{
    "code": 200,
    "type": "unknown",
    "message": "1030"
}
]]></system-out>
  </testcase>
  <testcase name="updateUsersUsingDP[testuser2, Sydney, Sheldon, sydney@gmail.com](2)" classname="api.testcases.DataDrivenTests_UserEndpoints_GettingUrlsFromRoutesPropertiesFile" time="1.143">
    <system-out><![CDATA[Updated user details for : testuser2
{
    "code": 200,
    "type": "unknown",
    "message": "1030"
}
]]></system-out>
  </testcase>
  <testcase name="updateUsersUsingDP[testuser3, akash, gyyyy, akash@gmail.com](3)" classname="api.testcases.DataDrivenTests_UserEndpoints_GettingUrlsFromRoutesPropertiesFile" time="1.112">
    <system-out><![CDATA[Updated user details for : testuser3
{
    "code": 200,
    "type": "unknown",
    "message": "1030"
}
]]></system-out>
  </testcase>
  <testcase name="deleteUserByUsernameUsingDP[testuser1](1)" classname="api.testcases.DataDrivenTests_UserEndpoints_GettingUrlsFromRoutesPropertiesFile" time="1.095">
    <system-out><![CDATA[3
testuser1 user has been deleted
{
    "code": 200,
    "type": "unknown",
    "message": "testuser1"
}
]]></system-out>
  </testcase>
  <testcase name="deleteUserByUsernameUsingDP[testuser2](2)" classname="api.testcases.DataDrivenTests_UserEndpoints_GettingUrlsFromRoutesPropertiesFile" time="1.106">
    <system-out><![CDATA[testuser2 user has been deleted
{
    "code": 200,
    "type": "unknown",
    "message": "testuser2"
}
]]></system-out>
  </testcase>
  <testcase name="deleteUserByUsernameUsingDP[testuser3](3)" classname="api.testcases.DataDrivenTests_UserEndpoints_GettingUrlsFromRoutesPropertiesFile" time="1.118">
    <system-out><![CDATA[testuser3 user has been deleted
{
    "code": 200,
    "type": "unknown",
    "message": "testuser3"
}
]]></system-out>
  </testcase>
</testsuite>