<?xml version="1.0" encoding="UTF-8"?>
<testng-results ignored="0" total="12" passed="12" failed="0" skipped="0">
  <reporter-output>
  </reporter-output>
  <suite started-at="2024-12-26T08:27:32 IST" name="Pet UserAPI Suite" finished-at="2024-12-26T08:27:53 IST" duration-ms="21340">
    <groups>
    </groups>
    <test started-at="2024-12-26T08:27:32 IST" name="Pet UserAPI Suite" finished-at="2024-12-26T08:27:53 IST" duration-ms="21340">
      <class name="api.testcases.DataDrivenTests_UserEndpoints_GettingUrlsFromRoutesPropertiesFile">
        <test-method is-config="true" signature="setUp()[pri:0, instance:api.testcases.DataDrivenTests_UserEndpoints_GettingUrlsFromRoutesPropertiesFile@678040b3]" started-at="2024-12-26T08:27:32 IST" name="setUp" finished-at="2024-12-26T08:27:32 IST" duration-ms="7" status="PASS">
          <reporter-output>
          </reporter-output>
        </test-method> <!-- setUp -->
        <test-method signature="createUsersUsingDP(java.lang.String,java.lang.String,java.lang.String,java.lang.String,java.lang.String,java.lang.String,java.lang.String)[pri:1, instance:api.testcases.DataDrivenTests_UserEndpoints_GettingUrlsFromRoutesPropertiesFile@678040b3]" started-at="2024-12-26T08:27:33 IST" name="createUsersUsingDP" data-provider="UsersData" finished-at="2024-12-26T08:27:37 IST" duration-ms="3432" status="PASS">
          <params>
            <param index="0">
              <value>
                <![CDATA[1010]]>
              </value>
            </param>
            <param index="1">
              <value>
                <![CDATA[testuser1]]>
              </value>
            </param>
            <param index="2">
              <value>
                <![CDATA[John]]>
              </value>
            </param>
            <param index="3">
              <value>
                <![CDATA[Canedy]]>
              </value>
            </param>
            <param index="4">
              <value>
                <![CDATA[a@gmail.com]]>
              </value>
            </param>
            <param index="5">
              <value>
                <![CDATA[test@1]]>
              </value>
            </param>
            <param index="6">
              <value>
                <![CDATA[123456789]]>
              </value>
            </param>
          </params>
          <reporter-output>
          </reporter-output>
        </test-method> <!-- createUsersUsingDP -->
        <test-method signature="createUsersUsingDP(java.lang.String,java.lang.String,java.lang.String,java.lang.String,java.lang.String,java.lang.String,java.lang.String)[pri:1, instance:api.testcases.DataDrivenTests_UserEndpoints_GettingUrlsFromRoutesPropertiesFile@678040b3]" started-at="2024-12-26T08:27:37 IST" name="createUsersUsingDP" data-provider="UsersData" finished-at="2024-12-26T08:27:38 IST" duration-ms="1308" status="PASS">
          <params>
            <param index="0">
              <value>
                <![CDATA[1020]]>
              </value>
            </param>
            <param index="1">
              <value>
                <![CDATA[testuser2]]>
              </value>
            </param>
            <param index="2">
              <value>
                <![CDATA[Kim]]>
              </value>
            </param>
            <param index="3">
              <value>
                <![CDATA[Kom]]>
              </value>
            </param>
            <param index="4">
              <value>
                <![CDATA[b@gmail.com]]>
              </value>
            </param>
            <param index="5">
              <value>
                <![CDATA[test@2]]>
              </value>
            </param>
            <param index="6">
              <value>
                <![CDATA[123456781]]>
              </value>
            </param>
          </params>
          <reporter-output>
          </reporter-output>
        </test-method> <!-- createUsersUsingDP -->
        <test-method signature="createUsersUsingDP(java.lang.String,java.lang.String,java.lang.String,java.lang.String,java.lang.String,java.lang.String,java.lang.String)[pri:1, instance:api.testcases.DataDrivenTests_UserEndpoints_GettingUrlsFromRoutesPropertiesFile@678040b3]" started-at="2024-12-26T08:27:38 IST" name="createUsersUsingDP" data-provider="UsersData" finished-at="2024-12-26T08:27:39 IST" duration-ms="1509" status="PASS">
          <params>
            <param index="0">
              <value>
                <![CDATA[1030]]>
              </value>
            </param>
            <param index="1">
              <value>
                <![CDATA[testuser3]]>
              </value>
            </param>
            <param index="2">
              <value>
                <![CDATA[Smith]]>
              </value>
            </param>
            <param index="3">
              <value>
                <![CDATA[Steve]]>
              </value>
            </param>
            <param index="4">
              <value>
                <![CDATA[c@gmail.com]]>
              </value>
            </param>
            <param index="5">
              <value>
                <![CDATA[test@3]]>
              </value>
            </param>
            <param index="6">
              <value>
                <![CDATA[987654321]]>
              </value>
            </param>
          </params>
          <reporter-output>
          </reporter-output>
        </test-method> <!-- createUsersUsingDP -->
        <test-method signature="getUserByUsernameUsingDP(java.lang.String)[pri:2, instance:api.testcases.DataDrivenTests_UserEndpoints_GettingUrlsFromRoutesPropertiesFile@678040b3]" started-at="2024-12-26T08:27:40 IST" name="getUserByUsernameUsingDP" data-provider="UserNames" finished-at="2024-12-26T08:27:41 IST" duration-ms="1520" status="PASS">
          <params>
            <param index="0">
              <value>
                <![CDATA[testuser1]]>
              </value>
            </param>
          </params>
          <reporter-output>
          </reporter-output>
        </test-method> <!-- getUserByUsernameUsingDP -->
        <test-method signature="getUserByUsernameUsingDP(java.lang.String)[pri:2, instance:api.testcases.DataDrivenTests_UserEndpoints_GettingUrlsFromRoutesPropertiesFile@678040b3]" started-at="2024-12-26T08:27:41 IST" name="getUserByUsernameUsingDP" data-provider="UserNames" finished-at="2024-12-26T08:27:43 IST" duration-ms="1530" status="PASS">
          <params>
            <param index="0">
              <value>
                <![CDATA[testuser2]]>
              </value>
            </param>
          </params>
          <reporter-output>
          </reporter-output>
        </test-method> <!-- getUserByUsernameUsingDP -->
        <test-method signature="getUserByUsernameUsingDP(java.lang.String)[pri:2, instance:api.testcases.DataDrivenTests_UserEndpoints_GettingUrlsFromRoutesPropertiesFile@678040b3]" started-at="2024-12-26T08:27:43 IST" name="getUserByUsernameUsingDP" data-provider="UserNames" finished-at="2024-12-26T08:27:44 IST" duration-ms="1432" status="PASS">
          <params>
            <param index="0">
              <value>
                <![CDATA[testuser3]]>
              </value>
            </param>
          </params>
          <reporter-output>
          </reporter-output>
        </test-method> <!-- getUserByUsernameUsingDP -->
        <test-method signature="updateUsersUsingDP(java.lang.String,java.lang.String,java.lang.String,java.lang.String)[pri:3, instance:api.testcases.DataDrivenTests_UserEndpoints_GettingUrlsFromRoutesPropertiesFile@678040b3]" started-at="2024-12-26T08:27:44 IST" name="updateUsersUsingDP" data-provider="UpdateUsersData" finished-at="2024-12-26T08:27:46 IST" duration-ms="1497" status="PASS">
          <params>
            <param index="0">
              <value>
                <![CDATA[testuser1]]>
              </value>
            </param>
            <param index="1">
              <value>
                <![CDATA[Kaira]]>
              </value>
            </param>
            <param index="2">
              <value>
                <![CDATA[Swamy]]>
              </value>
            </param>
            <param index="3">
              <value>
                <![CDATA[kaira@gmail.com]]>
              </value>
            </param>
          </params>
          <reporter-output>
          </reporter-output>
        </test-method> <!-- updateUsersUsingDP -->
        <test-method signature="updateUsersUsingDP(java.lang.String,java.lang.String,java.lang.String,java.lang.String)[pri:3, instance:api.testcases.DataDrivenTests_UserEndpoints_GettingUrlsFromRoutesPropertiesFile@678040b3]" started-at="2024-12-26T08:27:46 IST" name="updateUsersUsingDP" data-provider="UpdateUsersData" finished-at="2024-12-26T08:27:47 IST" duration-ms="1449" status="PASS">
          <params>
            <param index="0">
              <value>
                <![CDATA[testuser2]]>
              </value>
            </param>
            <param index="1">
              <value>
                <![CDATA[Sydney]]>
              </value>
            </param>
            <param index="2">
              <value>
                <![CDATA[Sheldon]]>
              </value>
            </param>
            <param index="3">
              <value>
                <![CDATA[sydney@gmail.com]]>
              </value>
            </param>
          </params>
          <reporter-output>
          </reporter-output>
        </test-method> <!-- updateUsersUsingDP -->
        <test-method signature="updateUsersUsingDP(java.lang.String,java.lang.String,java.lang.String,java.lang.String)[pri:3, instance:api.testcases.DataDrivenTests_UserEndpoints_GettingUrlsFromRoutesPropertiesFile@678040b3]" started-at="2024-12-26T08:27:47 IST" name="updateUsersUsingDP" data-provider="UpdateUsersData" finished-at="2024-12-26T08:27:49 IST" duration-ms="1514" status="PASS">
          <params>
            <param index="0">
              <value>
                <![CDATA[testuser3]]>
              </value>
            </param>
            <param index="1">
              <value>
                <![CDATA[akash]]>
              </value>
            </param>
            <param index="2">
              <value>
                <![CDATA[gyyyy]]>
              </value>
            </param>
            <param index="3">
              <value>
                <![CDATA[akash@gmail.com]]>
              </value>
            </param>
          </params>
          <reporter-output>
          </reporter-output>
        </test-method> <!-- updateUsersUsingDP -->
        <test-method signature="deleteUserByUsernameUsingDP(java.lang.String)[pri:4, instance:api.testcases.DataDrivenTests_UserEndpoints_GettingUrlsFromRoutesPropertiesFile@678040b3]" started-at="2024-12-26T08:27:49 IST" name="deleteUserByUsernameUsingDP" data-provider="UserNames" finished-at="2024-12-26T08:27:50 IST" duration-ms="1564" status="PASS">
          <params>
            <param index="0">
              <value>
                <![CDATA[testuser1]]>
              </value>
            </param>
          </params>
          <reporter-output>
          </reporter-output>
        </test-method> <!-- deleteUserByUsernameUsingDP -->
        <test-method signature="deleteUserByUsernameUsingDP(java.lang.String)[pri:4, instance:api.testcases.DataDrivenTests_UserEndpoints_GettingUrlsFromRoutesPropertiesFile@678040b3]" started-at="2024-12-26T08:27:50 IST" name="deleteUserByUsernameUsingDP" data-provider="UserNames" finished-at="2024-12-26T08:27:52 IST" duration-ms="1434" status="PASS">
          <params>
            <param index="0">
              <value>
                <![CDATA[testuser2]]>
              </value>
            </param>
          </params>
          <reporter-output>
          </reporter-output>
        </test-method> <!-- deleteUserByUsernameUsingDP -->
        <test-method signature="deleteUserByUsernameUsingDP(java.lang.String)[pri:4, instance:api.testcases.DataDrivenTests_UserEndpoints_GettingUrlsFromRoutesPropertiesFile@678040b3]" started-at="2024-12-26T08:27:52 IST" name="deleteUserByUsernameUsingDP" data-provider="UserNames" finished-at="2024-12-26T08:27:53 IST" duration-ms="1429" status="PASS">
          <params>
            <param index="0">
              <value>
                <![CDATA[testuser3]]>
              </value>
            </param>
          </params>
          <reporter-output>
          </reporter-output>
        </test-method> <!-- deleteUserByUsernameUsingDP -->
      </class> <!-- api.testcases.DataDrivenTests_UserEndpoints_GettingUrlsFromRoutesPropertiesFile -->
    </test> <!-- Pet UserAPI Suite -->
  </suite> <!-- Pet UserAPI Suite -->
</testng-results>
