<?xml version="1.0" encoding="UTF-8"?>
<!-- Generated by org.testng.reporters.JUnitXMLReporter -->
<testsuite ignored="0" hostname="bhagyak" failures="0" tests="12" name="Pet UserAPI Suite" time="21.34" errors="0" timestamp="2024-12-26T08:27:53 IST">
  <testcase classname="api.testcases.DataDrivenTests_UserEndpoints_GettingUrlsFromRoutesPropertiesFile" name="createUsersUsingDP" time="3.432"/>
  <testcase classname="api.testcases.DataDrivenTests_UserEndpoints_GettingUrlsFromRoutesPropertiesFile" name="createUsersUsingDP" time="1.308"/>
  <testcase classname="api.testcases.DataDrivenTests_UserEndpoints_GettingUrlsFromRoutesPropertiesFile" name="createUsersUsingDP" time="1.509"/>
  <testcase classname="api.testcases.DataDrivenTests_UserEndpoints_GettingUrlsFromRoutesPropertiesFile" name="getUserByUsernameUsingDP" time="1.52"/>
  <testcase classname="api.testcases.DataDrivenTests_UserEndpoints_GettingUrlsFromRoutesPropertiesFile" name="getUserByUsernameUsingDP" time="1.53"/>
  <testcase classname="api.testcases.DataDrivenTests_UserEndpoints_GettingUrlsFromRoutesPropertiesFile" name="getUserByUsernameUsingDP" time="1.432"/>
  <testcase classname="api.testcases.DataDrivenTests_UserEndpoints_GettingUrlsFromRoutesPropertiesFile" name="updateUsersUsingDP" time="1.497"/>
  <testcase classname="api.testcases.DataDrivenTests_UserEndpoints_GettingUrlsFromRoutesPropertiesFile" name="updateUsersUsingDP" time="1.449"/>
  <testcase classname="api.testcases.DataDrivenTests_UserEndpoints_GettingUrlsFromRoutesPropertiesFile" name="updateUsersUsingDP" time="1.514"/>
  <testcase classname="api.testcases.DataDrivenTests_UserEndpoints_GettingUrlsFromRoutesPropertiesFile" name="deleteUserByUsernameUsingDP" time="1.564"/>
  <testcase classname="api.testcases.DataDrivenTests_UserEndpoints_GettingUrlsFromRoutesPropertiesFile" name="deleteUserByUsernameUsingDP" time="1.434"/>
  <testcase classname="api.testcases.DataDrivenTests_UserEndpoints_GettingUrlsFromRoutesPropertiesFile" name="deleteUserByUsernameUsingDP" time="1.429"/>
</testsuite> <!-- Pet UserAPI Suite -->
